
Showing logs for build [32mcb-kubecd-environment-pr-1468-2-kv5vt-1[0m stage [32mfrom-build-pack[0m and container [32mstep-credential-initializer-wf7wq[0m
{"level":"info","ts":1588672644.937742,"logger":"fallback-logger","caller":"logging/config.go:69","msg":"Fetch GitHub commit ID from kodata failed: open /var/run/ko/refs/heads/0.8.0-ns-support: no such file or directory"}
{"level":"info","ts":1588672644.9385388,"logger":"fallback-logger","caller":"creds-init/main.go:40","msg":"Credentials initialized."}

Showing logs for build [32mcb-kubecd-environment-pr-1468-2-kv5vt-1[0m stage [32mfrom-build-pack[0m and container [32mstep-working-dir-initializer-k5ggf[0m
{"level":"info","ts":1588672646.480895,"logger":"fallback-logger","caller":"logging/config.go:69","msg":"Fetch GitHub commit ID from kodata failed: open /var/run/ko/HEAD: no such file or directory"}
{"level":"info","ts":1588672646.492637,"logger":"fallback-logger","caller":"bash/main.go:64","msg":"Successfully executed command \"sh -c mkdir -p /workspace/source\"; output "}

Showing logs for build [32mcb-kubecd-environment-pr-1468-2-kv5vt-1[0m stage [32mfrom-build-pack[0m and container [32mstep-place-tools[0m

Showing logs for build [32mcb-kubecd-environment-pr-1468-2-kv5vt-1[0m stage [32mfrom-build-pack[0m and container [32mstep-git-source-cb-kubecd-environment-pr-1468-2-kv5vt-zgpwm[0m
{"level":"info","ts":1588672652.4824002,"logger":"fallback-logger","caller":"logging/config.go:69","msg":"Fetch GitHub commit ID from kodata failed: open /var/run/ko/refs/heads/0.8.0-ns-support: no such file or directory"}
{"level":"info","ts":1588672653.573786,"logger":"fallback-logger","caller":"git/git.go:103","msg":"Successfully cloned https://github.com/cb-kubecd/environment-pr-1468-2-bdd-frontend-staging.git @ master in path /workspace/source"}

Showing logs for build [32mcb-kubecd-environment-pr-1468-2-kv5vt-1[0m stage [32mfrom-build-pack[0m and container [32mstep-git-merge[0m
Using SHAs from PULL_REFS=master:2a291c4f3c2638298cce7389f70ea57bc301dada,1:66cf4e7e0e879dd275f716922e6505c85b0090f3
DEBUG: LC_ALL=C JX_LOG_LEVEL=error git fetch origin --unshallow 66cf4e7e0e879dd275f716922e6505c85b0090f3: 2a291c4f3c2638298cce7389f70ea57bc301dada:
DEBUG: ran git fetch --unshallow origin 66cf4e7e0e879dd275f716922e6505c85b0090f3: 2a291c4f3c2638298cce7389f70ea57bc301dada: in 
DEBUG: LC_ALL=C JX_LOG_LEVEL=error git branch
DEBUG: LC_ALL=C JX_LOG_LEVEL=error git checkout master
DEBUG: ran git checkout master in 
DEBUG: LC_ALL=C JX_LOG_LEVEL=error git reset --hard 2a291c4f3c2638298cce7389f70ea57bc301dada
DEBUG: ran git reset --hard 2a291c4f3c2638298cce7389f70ea57bc301dada in 
DEBUG: JX_LOG_LEVEL=error LC_ALL=C git clean -fd .
DEBUG: ran clean --force -d . in 
DEBUG: LC_ALL=C JX_LOG_LEVEL=error git merge 66cf4e7e0e879dd275f716922e6505c85b0090f3
DEBUG: ran git merge 66cf4e7e0e879dd275f716922e6505c85b0090f3 in 
DEBUG: LC_ALL=C JX_LOG_LEVEL=error git log --format=%H%x1f%an%x1f%ae%x1f%cn%x1f%ce%x1f%s%n%b%x1e 2a291c4f3c2638298cce7389f70ea57bc301dada..HEAD
Merged SHA 66cf4e7e0e879dd275f716922e6505c85b0090f3 with commit message 'chore: Promote bdd-nh-1588671656 to version 0.0.1' into base branch master

Showing logs for build [32mcb-kubecd-environment-pr-1468-2-kv5vt-1[0m stage [32mfrom-build-pack[0m and container [32mstep-build-helm-build[0m
WARNING: No $CHART_REPOSITORY defined so using the default value of: http://jenkins-x-chartmuseum:8080
Adding missing Helm repo: storage.googleapis.com https://storage.googleapis.com/chartmuseum.jenkins-x.io
WARNING: No secrets found on "helm/repos" due: reading the secret "helm/repos" from vault: no secret "helm/repos" not found in vault
Read credentials for https://storage.googleapis.com/chartmuseum.jenkins-x.io from vault helm/repos
Successfully added Helm repository storage.googleapis.com.
Adding missing Helm repo: jenkins-x-chartmuseum http://jenkins-x-chartmuseum:8080
WARNING: No secrets found on "helm/repos" due: reading the secret "helm/repos" from vault: no secret "helm/repos" not found in vault
Read credentials for http://jenkins-x-chartmuseum:8080 from vault helm/repos
Successfully added Helm repository jenkins-x-chartmuseum.
WARNING: No $CHART_REPOSITORY defined so using the default value of: http://jenkins-x-chartmuseum:8080
Adding missing Helm repo: chartmuseum.jenkins-x.io http://chartmuseum.jenkins-x.io
WARNING: No secrets found on "helm/repos" due: reading the secret "helm/repos" from vault: no secret "helm/repos" not found in vault
Read credentials for http://chartmuseum.jenkins-x.io from vault helm/repos
Successfully added Helm repository chartmuseum.jenkins-x.io.
